<?xml version="1.0" encoding="UTF-8"?>
<!-- Generated by org.testng.reporters.JUnitXMLReporter -->
<testsuite ignored="0" hostname="Sanjaypc" failures="1" tests="1" name="SmokeTest" time="21.943" errors="0" timestamp="2025-10-28T11:18:59 IST">
  <testcase classname="com.ecom.testcases.RegistrationTest" name="registrationtest" time="12.912">
    <failure type="junit.framework.AssertionFailedError">
      <![CDATA[junit.framework.AssertionFailedError
at junit.framework.Assert.fail(Assert.java:47)
at junit.framework.Assert.assertTrue(Assert.java:20)
at junit.framework.Assert.assertTrue(Assert.java:27)
at com.ecom.testcases.RegistrationTest.registrationtest(RegistrationTest.java:25)
at java.base/java.util.ArrayList.forEach(ArrayList.java:1596)
... Removed 25 stack frames]]>
    </failure>
  </testcase> <!-- registrationtest -->
</testsuite> <!-- SmokeTest -->
