<?xml version="1.0" encoding="UTF-8"?>
<!-- Generated by org.testng.reporters.JUnitXMLReporter -->
<testsuite ignored="0" hostname="Sanjaypc" failures="1" tests="1" name="SmokeTest" time="33.432" errors="0" timestamp="2025-12-04T11:32:30 IST">
  <testcase classname="com.ecom.testcases.RegistrationTest" name="registrationtest" time="15.773">
    <failure type="java.lang.AssertionError" message="expected [true] but found [false]">
      <![CDATA[java.lang.AssertionError: expected [true] but found [false]
at com.ecom.testcases.RegistrationTest.registrationtest(RegistrationTest.java:36)
at java.base/java.util.ArrayList.forEach(ArrayList.java:1596)
... Removed 29 stack frames]]>
    </failure>
  </testcase> <!-- registrationtest -->
</testsuite> <!-- SmokeTest -->
