<?xml version="1.0" encoding="UTF-8"?>
<testng-results ignored="0" total="1" passed="1" failed="0" skipped="0">
  <reporter-output>
  </reporter-output>
  <suite started-at="2025-10-30T12:44:21 IST" name="Suite" finished-at="2025-10-30T12:44:52 IST" duration-ms="30551">
    <groups>
      <group name="smoke">
        <method signature="RegistrationTest.registrationtest()[pri:0, instance:com.ecom.testcases.RegistrationTest@58fb7731]" name="registrationtest" class="com.ecom.testcases.RegistrationTest"/>
      </group> <!-- smoke -->
    </groups>
    <test started-at="2025-10-30T12:44:21 IST" name="SmokeTest" finished-at="2025-10-30T12:44:52 IST" duration-ms="30551">
      <class name="com.ecom.testcases.RegistrationTest">
        <test-method is-config="true" signature="setup()[pri:0, instance:com.ecom.testcases.RegistrationTest@58fb7731]" started-at="2025-10-30T12:44:21 IST" name="setup" finished-at="2025-10-30T12:44:36 IST" duration-ms="14478" status="PASS">
          <reporter-output>
          </reporter-output>
        </test-method> <!-- setup -->
        <test-method signature="registrationtest()[pri:0, instance:com.ecom.testcases.RegistrationTest@58fb7731]" started-at="2025-10-30T12:44:36 IST" name="registrationtest" finished-at="2025-10-30T12:44:48 IST" duration-ms="11827" status="PASS">
          <reporter-output>
          </reporter-output>
        </test-method> <!-- registrationtest -->
        <test-method is-config="true" signature="teardown()[pri:0, instance:com.ecom.testcases.RegistrationTest@58fb7731]" started-at="2025-10-30T12:44:48 IST" name="teardown" finished-at="2025-10-30T12:44:52 IST" duration-ms="3674" status="PASS">
          <reporter-output>
          </reporter-output>
        </test-method> <!-- teardown -->
      </class> <!-- com.ecom.testcases.RegistrationTest -->
    </test> <!-- SmokeTest -->
  </suite> <!-- Suite -->
</testng-results>
