<?xml version="1.0" encoding="UTF-8"?>
<testng-results ignored="0" total="1" passed="1" failed="0" skipped="0">
  <reporter-output>
  </reporter-output>
  <suite started-at="2025-10-30T11:38:05 IST" name="Suite" finished-at="2025-10-30T11:38:24 IST" duration-ms="18852">
    <groups>
      <group name="smoke">
        <method signature="RegistrationTest.registrationtest()[pri:0, instance:com.ecom.testcases.RegistrationTest@3fb6cf60]" name="registrationtest" class="com.ecom.testcases.RegistrationTest"/>
      </group> <!-- smoke -->
    </groups>
    <test started-at="2025-10-30T11:38:05 IST" name="SmokeTest" finished-at="2025-10-30T11:38:24 IST" duration-ms="18852">
      <class name="com.ecom.testcases.RegistrationTest">
        <test-method is-config="true" signature="setup()[pri:0, instance:com.ecom.testcases.RegistrationTest@3fb6cf60]" started-at="2025-10-30T11:38:05 IST" name="setup" finished-at="2025-10-30T11:38:13 IST" duration-ms="7693" status="PASS">
          <reporter-output>
          </reporter-output>
        </test-method> <!-- setup -->
        <test-method signature="registrationtest()[pri:0, instance:com.ecom.testcases.RegistrationTest@3fb6cf60]" started-at="2025-10-30T11:38:13 IST" name="registrationtest" finished-at="2025-10-30T11:38:23 IST" duration-ms="10197" status="PASS">
          <reporter-output>
          </reporter-output>
        </test-method> <!-- registrationtest -->
        <test-method is-config="true" signature="teardown()[pri:0, instance:com.ecom.testcases.RegistrationTest@3fb6cf60]" started-at="2025-10-30T11:38:23 IST" name="teardown" finished-at="2025-10-30T11:38:24 IST" duration-ms="532" status="PASS">
          <reporter-output>
          </reporter-output>
        </test-method> <!-- teardown -->
      </class> <!-- com.ecom.testcases.RegistrationTest -->
    </test> <!-- SmokeTest -->
  </suite> <!-- Suite -->
</testng-results>
