<?xml version="1.0" encoding="UTF-8"?>
<testng-results ignored="0" total="1" passed="1" failed="0" skipped="0">
  <reporter-output>
  </reporter-output>
  <suite started-at="2025-09-18T17:56:53 IST" name="Suite" finished-at="2025-09-18T17:57:09 IST" duration-ms="16485">
    <groups>
      <group name="smoke">
        <method signature="LoginTest.logintest()[pri:0, instance:com.ecom.testcases.LoginTest@5524cca1]" name="logintest" class="com.ecom.testcases.LoginTest"/>
      </group> <!-- smoke -->
    </groups>
    <test started-at="2025-09-18T17:56:53 IST" name="Test" finished-at="2025-09-18T17:57:09 IST" duration-ms="16485">
      <class name="com.ecom.testcases.LoginTest">
        <test-method is-config="true" signature="setup(java.lang.String)[pri:0, instance:com.ecom.testcases.LoginTest@5524cca1]" started-at="2025-09-18T17:56:55 IST" name="setup" finished-at="2025-09-18T17:57:04 IST" duration-ms="9792" status="PASS">
          <params>
            <param index="0">
              <value>
                <![CDATA[chrome]]>
              </value>
            </param>
          </params>
          <reporter-output>
          </reporter-output>
        </test-method> <!-- setup -->
        <test-method signature="logintest()[pri:0, instance:com.ecom.testcases.LoginTest@5524cca1]" started-at="2025-09-18T17:57:05 IST" name="logintest" finished-at="2025-09-18T17:57:09 IST" duration-ms="4096" status="PASS">
          <reporter-output>
          </reporter-output>
        </test-method> <!-- logintest -->
        <test-method is-config="true" signature="teardown()[pri:0, instance:com.ecom.testcases.LoginTest@5524cca1]" started-at="2025-09-18T17:57:09 IST" name="teardown" finished-at="2025-09-18T17:57:09 IST" duration-ms="699" status="PASS">
          <reporter-output>
          </reporter-output>
        </test-method> <!-- teardown -->
      </class> <!-- com.ecom.testcases.LoginTest -->
    </test> <!-- Test -->
  </suite> <!-- Suite -->
</testng-results>
